\BOOKMARK [0][-]{section*.1}{Innhold}{}
\BOOKMARK [0][-]{section*.3}{Figurer}{}
\BOOKMARK [0][-]{section*.5}{Tabeller}{}
\BOOKMARK [0][-]{section*.7}{Innledning}{}
\BOOKMARK [1][-]{section.1.1}{Bakgrunn}{section*.7}
\BOOKMARK [1][-]{section.1.2}{Oppgavebeskrivelse}{section*.7}
\BOOKMARK [1][-]{section.1.3}{Rapportorganisering}{section*.7}
\BOOKMARK [1][-]{section.1.4}{Beskrivelser}{section*.7}
\BOOKMARK [1][-]{section.1.5}{Form\345l}{section*.7}
\BOOKMARK [1][-]{section.1.6}{M\345lgruppe}{section*.7}
\BOOKMARK [2][-]{subsection.1.6.1}{Prosjektets m\345lgruppe}{section.1.6}
\BOOKMARK [2][-]{subsection.1.6.2}{Rapportens m\345lgruppe}{section.1.6}
\BOOKMARK [1][-]{section.1.7}{Avgrensning}{section*.7}
\BOOKMARK [1][-]{section.1.8}{Prosjektgruppens kunnskap}{section*.7}
\BOOKMARK [1][-]{section.1.9}{Roller}{section*.7}
\BOOKMARK [0][-]{section*.8}{Kravspesifikasjon}{}
\BOOKMARK [1][-]{section.2.1}{Brukerbeskrivelse}{section*.8}
\BOOKMARK [2][-]{subsection.2.1.1}{Omgivelser}{section.2.1}
\BOOKMARK [2][-]{subsection.2.1.2}{Systemets brukere}{section.2.1}
\BOOKMARK [2][-]{subsection.2.1.3}{User stories}{section.2.1}
\BOOKMARK [2][-]{subsection.2.1.4}{Prim\346rm\345l}{section.2.1}
\BOOKMARK [2][-]{subsection.2.1.5}{Sekund\346rm\345l}{section.2.1}
\BOOKMARK [1][-]{section.2.2}{Detaljert kravspesifikasjon}{section*.8}
\BOOKMARK [2][-]{subsection.2.2.1}{Funksjonelle krav}{section.2.2}
\BOOKMARK [2][-]{subsection.2.2.2}{Use case diagram}{section.2.2}
\BOOKMARK [2][-]{subsection.2.2.3}{H\370yniv\345 use case}{section.2.2}
\BOOKMARK [2][-]{subsection.2.2.4}{Detaljert use case}{section.2.2}
\BOOKMARK [2][-]{subsection.2.2.5}{Funksjon}{section.2.2}
\BOOKMARK [2][-]{subsection.2.2.6}{Struktur og tverr-relasjoner}{section.2.2}
